app/build/intermediates/manifest_merge_blame_file/debug/manifest-merger-blame-debug-report.txt
1<?xml version="1.0" encoding="utf-8"?>
2<manifest xmlns:android="http://schemas.android.com/apk/res/android"
3    package="com.qs.pda5502demo"
4    android:versionCode="1"
5    android:versionName="1.0" >
6
7    <uses-sdk
8        android:minSdkVersion="8"
8-->src\main\AndroidManifest.xml
9        android:targetSdkVersion="23" />
9-->src\main\AndroidManifest.xml
10
11    <uses-permission android:name="android.permission.INTERNET" />
11-->src\main\AndroidManifest.xml:6:5-67
11-->src\main\AndroidManifest.xml:6:22-64
12    <uses-permission android:name="android.permission.ACCESS_NETWORK_STATE" />
12-->src\main\AndroidManifest.xml:7:5-79
12-->src\main\AndroidManifest.xml:7:22-76
13
14    <application
14-->src\main\AndroidManifest.xml:9:5-74:19
15        android:allowBackup="true"
15-->src\main\AndroidManifest.xml:10:9-35
16        android:debuggable="true"
17        android:icon="@drawable/ic_launcher"
17-->src\main\AndroidManifest.xml:11:9-45
18        android:label="@string/app_name"
18-->src\main\AndroidManifest.xml:12:9-41
19        android:testOnly="true"
20        android:theme="@style/AppTheme" >
20-->src\main\AndroidManifest.xml:13:9-40
21
22        <!-- 登录界面 -->
23        <activity
23-->src\main\AndroidManifest.xml:16:9-25:20
24            android:name="com.qs.qs5502demo.LoginActivity"
24-->src\main\AndroidManifest.xml:17:13-59
25            android:label="登录"
25-->src\main\AndroidManifest.xml:20:13-31
26            android:screenOrientation="portrait"
26-->src\main\AndroidManifest.xml:18:13-49
27            android:windowSoftInputMode="stateAlwaysHidden" >
27-->src\main\AndroidManifest.xml:19:13-60
28            <intent-filter>
28-->src\main\AndroidManifest.xml:21:13-24:29
29                <action android:name="android.intent.action.MAIN" />
29-->src\main\AndroidManifest.xml:22:17-69
29-->src\main\AndroidManifest.xml:22:25-66
30
31                <category android:name="android.intent.category.LAUNCHER" />
31-->src\main\AndroidManifest.xml:23:17-77
31-->src\main\AndroidManifest.xml:23:27-74
32            </intent-filter>
33        </activity>
34
35        <!-- 主界面 -->
36        <activity
36-->src\main\AndroidManifest.xml:28:9-33:48
37            android:name="com.qs.qs5502demo.MainActivity"
37-->src\main\AndroidManifest.xml:31:13-58
38            android:label="@string/app_name"
38-->src\main\AndroidManifest.xml:33:13-45
39            android:launchMode="singleTask"
39-->src\main\AndroidManifest.xml:29:13-44
40            android:screenOrientation="portrait"
40-->src\main\AndroidManifest.xml:30:13-49
41            android:windowSoftInputMode="stateAlwaysHidden" />
41-->src\main\AndroidManifest.xml:32:13-60
42
43        <!-- 入库模块 -->
44        <activity
44-->src\main\AndroidManifest.xml:36:9-39:63
45            android:name="com.qs.qs5502demo.inbound.InboundActivity"
45-->src\main\AndroidManifest.xml:37:13-69
46            android:screenOrientation="portrait"
46-->src\main\AndroidManifest.xml:38:13-49
47            android:windowSoftInputMode="stateAlwaysHidden" />
47-->src\main\AndroidManifest.xml:39:13-60
48        <activity
48-->src\main\AndroidManifest.xml:41:9-44:63
49            android:name="com.qs.qs5502demo.inbound.BindValveActivity"
49-->src\main\AndroidManifest.xml:42:13-71
50            android:screenOrientation="portrait"
50-->src\main\AndroidManifest.xml:43:13-49
51            android:windowSoftInputMode="stateAlwaysHidden" />
51-->src\main\AndroidManifest.xml:44:13-60
52
53        <!-- 送检模块 -->
54        <activity
54-->src\main\AndroidManifest.xml:47:9-50:63
55            android:name="com.qs.qs5502demo.send.SendInspectionActivity"
55-->src\main\AndroidManifest.xml:48:13-73
56            android:screenOrientation="portrait"
56-->src\main\AndroidManifest.xml:49:13-49
57            android:windowSoftInputMode="stateAlwaysHidden" />
57-->src\main\AndroidManifest.xml:50:13-60
58        <activity
58-->src\main\AndroidManifest.xml:52:9-55:63
59            android:name="com.qs.qs5502demo.send.SelectValveActivity"
59-->src\main\AndroidManifest.xml:53:13-70
60            android:screenOrientation="portrait"
60-->src\main\AndroidManifest.xml:54:13-49
61            android:windowSoftInputMode="stateAlwaysHidden" />
61-->src\main\AndroidManifest.xml:55:13-60
62
63        <!-- 回库模块 -->
64        <activity
64-->src\main\AndroidManifest.xml:58:9-61:63
65            android:name="com.qs.qs5502demo.returnwarehouse.ReturnWarehouseActivity"
65-->src\main\AndroidManifest.xml:59:13-85
66            android:screenOrientation="portrait"
66-->src\main\AndroidManifest.xml:60:13-49
67            android:windowSoftInputMode="stateAlwaysHidden" />
67-->src\main\AndroidManifest.xml:61:13-60
68
69        <!-- 出库模块 -->
70        <activity
70-->src\main\AndroidManifest.xml:64:9-67:63
71            android:name="com.qs.qs5502demo.outbound.OutboundActivity"
71-->src\main\AndroidManifest.xml:65:13-71
72            android:screenOrientation="portrait"
72-->src\main\AndroidManifest.xml:66:13-49
73            android:windowSoftInputMode="stateAlwaysHidden" />
73-->src\main\AndroidManifest.xml:67:13-60
74
75        <!-- 任务管理模块 -->
76        <activity
76-->src\main\AndroidManifest.xml:70:9-73:63
77            android:name="com.qs.qs5502demo.task.TaskManageActivity"
77-->src\main\AndroidManifest.xml:71:13-69
78            android:screenOrientation="portrait"
78-->src\main\AndroidManifest.xml:72:13-49
79            android:windowSoftInputMode="stateAlwaysHidden" />
79-->src\main\AndroidManifest.xml:73:13-60
80    </application>
81
82</manifest>